<?xml version="1.0" encoding="UTF-8"?>
<testsuite xmlns:xsi="http://www.w3.org/2001/XMLSchema-instance" xsi:noNamespaceSchemaLocation="https://maven.apache.org/surefire/maven-surefire-plugin/xsd/surefire-test-report.xsd" name="online.luffyk.dao.EmployeeMapperTest" time="0.789" tests="7" errors="0" skipped="0" failures="0">
  <properties>
    <property name="gopherProxySet" value="false"/>
    <property name="awt.toolkit" value="sun.lwawt.macosx.LWCToolkit"/>
    <property name="file.encoding.pkg" value="sun.io"/>
    <property name="java.specification.version" value="1.8"/>
    <property name="sun.cpu.isalist" value=""/>
    <property name="sun.jnu.encoding" value="UTF-8"/>
    <property name="java.class.path" value="/Users/luffyk/Documents/java/integrationSSM/ssm03/target/test-classes:/Users/luffyk/Documents/java/integrationSSM/ssm03/target/classes:/usr/local/apache-maven-3.6.3/repository/junit/junit/4.11/junit-4.11.jar:/usr/local/apache-maven-3.6.3/repository/org/hamcrest/hamcrest-core/1.3/hamcrest-core-1.3.jar:/usr/local/apache-maven-3.6.3/repository/org/springframework/spring-webmvc/4.2.0.RELEASE/spring-webmvc-4.2.0.RELEASE.jar:/usr/local/apache-maven-3.6.3/repository/org/springframework/spring-beans/4.2.0.RELEASE/spring-beans-4.2.0.RELEASE.jar:/usr/local/apache-maven-3.6.3/repository/org/springframework/spring-context/4.2.0.RELEASE/spring-context-4.2.0.RELEASE.jar:/usr/local/apache-maven-3.6.3/repository/org/springframework/spring-core/4.2.0.RELEASE/spring-core-4.2.0.RELEASE.jar:/usr/local/apache-maven-3.6.3/repository/commons-logging/commons-logging/1.2/commons-logging-1.2.jar:/usr/local/apache-maven-3.6.3/repository/org/springframework/spring-expression/4.2.0.RELEASE/spring-expression-4.2.0.RELEASE.jar:/usr/local/apache-maven-3.6.3/repository/org/springframework/spring-web/4.2.0.RELEASE/spring-web-4.2.0.RELEASE.jar:/usr/local/apache-maven-3.6.3/repository/org/springframework/spring-aop/4.2.0.RELEASE/spring-aop-4.2.0.RELEASE.jar:/usr/local/apache-maven-3.6.3/repository/aopalliance/aopalliance/1.0/aopalliance-1.0.jar:/usr/local/apache-maven-3.6.3/repository/org/springframework/spring-jdbc/4.2.0.RELEASE/spring-jdbc-4.2.0.RELEASE.jar:/usr/local/apache-maven-3.6.3/repository/org/springframework/spring-tx/4.2.0.RELEASE/spring-tx-4.2.0.RELEASE.jar:/usr/local/apache-maven-3.6.3/repository/org/springframework/spring-aspects/4.2.0.RELEASE/spring-aspects-4.2.0.RELEASE.jar:/usr/local/apache-maven-3.6.3/repository/org/aspectj/aspectjweaver/1.8.6/aspectjweaver-1.8.6.jar:/usr/local/apache-maven-3.6.3/repository/org/springframework/spring-test/4.2.0.RELEASE/spring-test-4.2.0.RELEASE.jar:/usr/local/apache-maven-3.6.3/repository/org/mybatis/mybatis/3.2.2/mybatis-3.2.2.jar:/usr/local/apache-maven-3.6.3/repository/org/mybatis/mybatis-spring/1.2.1/mybatis-spring-1.2.1.jar:/usr/local/apache-maven-3.6.3/repository/c3p0/c3p0/0.9.1.2/c3p0-0.9.1.2.jar:/usr/local/apache-maven-3.6.3/repository/mysql/mysql-connector-java/5.1.49/mysql-connector-java-5.1.49.jar:/usr/local/apache-maven-3.6.3/repository/log4j/log4j/1.2.17/log4j-1.2.17.jar:/usr/local/apache-maven-3.6.3/repository/com/alibaba/fastjson/1.2.59/fastjson-1.2.59.jar:/usr/local/apache-maven-3.6.3/repository/javax/servlet/jstl/1.2/jstl-1.2.jar:/usr/local/apache-maven-3.6.3/repository/javax/servlet/servlet-api/2.5/servlet-api-2.5.jar:/usr/local/apache-maven-3.6.3/repository/com/github/pagehelper/pagehelper/5.0.0/pagehelper-5.0.0.jar:/usr/local/apache-maven-3.6.3/repository/com/github/jsqlparser/jsqlparser/0.9.5/jsqlparser-0.9.5.jar:/usr/local/apache-maven-3.6.3/repository/org/hibernate/hibernate-validator/5.4.1.Final/hibernate-validator-5.4.1.Final.jar:/usr/local/apache-maven-3.6.3/repository/javax/validation/validation-api/1.1.0.Final/validation-api-1.1.0.Final.jar:/usr/local/apache-maven-3.6.3/repository/org/jboss/logging/jboss-logging/3.3.0.Final/jboss-logging-3.3.0.Final.jar:/usr/local/apache-maven-3.6.3/repository/com/fasterxml/classmate/1.3.1/classmate-1.3.1.jar:"/>
    <property name="java.vm.vendor" value="Oracle Corporation"/>
    <property name="sun.arch.data.model" value="64"/>
    <property name="java.vendor.url" value="http://java.oracle.com/"/>
    <property name="user.timezone" value=""/>
    <property name="java.vm.specification.version" value="1.8"/>
    <property name="os.name" value="Mac OS X"/>
    <property name="user.country" value="CN"/>
    <property name="sun.java.launcher" value="SUN_STANDARD"/>
    <property name="sun.boot.library.path" value="/Library/Java/JavaVirtualMachines/jdk1.8.0_181.jdk/Contents/Home/jre/lib"/>
    <property name="sun.java.command" value="/Users/luffyk/Documents/java/integrationSSM/ssm03/target/surefire/surefirebooter2143678699228026441.jar /Users/luffyk/Documents/java/integrationSSM/ssm03/target/surefire 2020-07-17T19-00-10_573-jvmRun1 surefire8853120474428056124tmp surefire_0759307391651509729tmp"/>
    <property name="surefire.test.class.path" value="/Users/luffyk/Documents/java/integrationSSM/ssm03/target/test-classes:/Users/luffyk/Documents/java/integrationSSM/ssm03/target/classes:/usr/local/apache-maven-3.6.3/repository/junit/junit/4.11/junit-4.11.jar:/usr/local/apache-maven-3.6.3/repository/org/hamcrest/hamcrest-core/1.3/hamcrest-core-1.3.jar:/usr/local/apache-maven-3.6.3/repository/org/springframework/spring-webmvc/4.2.0.RELEASE/spring-webmvc-4.2.0.RELEASE.jar:/usr/local/apache-maven-3.6.3/repository/org/springframework/spring-beans/4.2.0.RELEASE/spring-beans-4.2.0.RELEASE.jar:/usr/local/apache-maven-3.6.3/repository/org/springframework/spring-context/4.2.0.RELEASE/spring-context-4.2.0.RELEASE.jar:/usr/local/apache-maven-3.6.3/repository/org/springframework/spring-core/4.2.0.RELEASE/spring-core-4.2.0.RELEASE.jar:/usr/local/apache-maven-3.6.3/repository/commons-logging/commons-logging/1.2/commons-logging-1.2.jar:/usr/local/apache-maven-3.6.3/repository/org/springframework/spring-expression/4.2.0.RELEASE/spring-expression-4.2.0.RELEASE.jar:/usr/local/apache-maven-3.6.3/repository/org/springframework/spring-web/4.2.0.RELEASE/spring-web-4.2.0.RELEASE.jar:/usr/local/apache-maven-3.6.3/repository/org/springframework/spring-aop/4.2.0.RELEASE/spring-aop-4.2.0.RELEASE.jar:/usr/local/apache-maven-3.6.3/repository/aopalliance/aopalliance/1.0/aopalliance-1.0.jar:/usr/local/apache-maven-3.6.3/repository/org/springframework/spring-jdbc/4.2.0.RELEASE/spring-jdbc-4.2.0.RELEASE.jar:/usr/local/apache-maven-3.6.3/repository/org/springframework/spring-tx/4.2.0.RELEASE/spring-tx-4.2.0.RELEASE.jar:/usr/local/apache-maven-3.6.3/repository/org/springframework/spring-aspects/4.2.0.RELEASE/spring-aspects-4.2.0.RELEASE.jar:/usr/local/apache-maven-3.6.3/repository/org/aspectj/aspectjweaver/1.8.6/aspectjweaver-1.8.6.jar:/usr/local/apache-maven-3.6.3/repository/org/springframework/spring-test/4.2.0.RELEASE/spring-test-4.2.0.RELEASE.jar:/usr/local/apache-maven-3.6.3/repository/org/mybatis/mybatis/3.2.2/mybatis-3.2.2.jar:/usr/local/apache-maven-3.6.3/repository/org/mybatis/mybatis-spring/1.2.1/mybatis-spring-1.2.1.jar:/usr/local/apache-maven-3.6.3/repository/c3p0/c3p0/0.9.1.2/c3p0-0.9.1.2.jar:/usr/local/apache-maven-3.6.3/repository/mysql/mysql-connector-java/5.1.49/mysql-connector-java-5.1.49.jar:/usr/local/apache-maven-3.6.3/repository/log4j/log4j/1.2.17/log4j-1.2.17.jar:/usr/local/apache-maven-3.6.3/repository/com/alibaba/fastjson/1.2.59/fastjson-1.2.59.jar:/usr/local/apache-maven-3.6.3/repository/javax/servlet/jstl/1.2/jstl-1.2.jar:/usr/local/apache-maven-3.6.3/repository/javax/servlet/servlet-api/2.5/servlet-api-2.5.jar:/usr/local/apache-maven-3.6.3/repository/com/github/pagehelper/pagehelper/5.0.0/pagehelper-5.0.0.jar:/usr/local/apache-maven-3.6.3/repository/com/github/jsqlparser/jsqlparser/0.9.5/jsqlparser-0.9.5.jar:/usr/local/apache-maven-3.6.3/repository/org/hibernate/hibernate-validator/5.4.1.Final/hibernate-validator-5.4.1.Final.jar:/usr/local/apache-maven-3.6.3/repository/javax/validation/validation-api/1.1.0.Final/validation-api-1.1.0.Final.jar:/usr/local/apache-maven-3.6.3/repository/org/jboss/logging/jboss-logging/3.3.0.Final/jboss-logging-3.3.0.Final.jar:/usr/local/apache-maven-3.6.3/repository/com/fasterxml/classmate/1.3.1/classmate-1.3.1.jar:"/>
    <property name="sun.cpu.endian" value="little"/>
    <property name="user.home" value="/Users/luffyk"/>
    <property name="user.language" value="zh"/>
    <property name="java.specification.vendor" value="Oracle Corporation"/>
    <property name="java.home" value="/Library/Java/JavaVirtualMachines/jdk1.8.0_181.jdk/Contents/Home/jre"/>
    <property name="basedir" value="/Users/luffyk/Documents/java/integrationSSM/ssm03"/>
    <property name="file.separator" value="/"/>
    <property name="line.separator" value="&#10;"/>
    <property name="java.vm.specification.vendor" value="Oracle Corporation"/>
    <property name="java.specification.name" value="Java Platform API Specification"/>
    <property name="java.awt.graphicsenv" value="sun.awt.CGraphicsEnvironment"/>
    <property name="surefire.real.class.path" value="/Users/luffyk/Documents/java/integrationSSM/ssm03/target/surefire/surefirebooter2143678699228026441.jar"/>
    <property name="sun.boot.class.path" value="/Library/Java/JavaVirtualMachines/jdk1.8.0_181.jdk/Contents/Home/jre/lib/resources.jar:/Library/Java/JavaVirtualMachines/jdk1.8.0_181.jdk/Contents/Home/jre/lib/rt.jar:/Library/Java/JavaVirtualMachines/jdk1.8.0_181.jdk/Contents/Home/jre/lib/sunrsasign.jar:/Library/Java/JavaVirtualMachines/jdk1.8.0_181.jdk/Contents/Home/jre/lib/jsse.jar:/Library/Java/JavaVirtualMachines/jdk1.8.0_181.jdk/Contents/Home/jre/lib/jce.jar:/Library/Java/JavaVirtualMachines/jdk1.8.0_181.jdk/Contents/Home/jre/lib/charsets.jar:/Library/Java/JavaVirtualMachines/jdk1.8.0_181.jdk/Contents/Home/jre/lib/jfr.jar:/Library/Java/JavaVirtualMachines/jdk1.8.0_181.jdk/Contents/Home/jre/classes"/>
    <property name="sun.management.compiler" value="HotSpot 64-Bit Tiered Compilers"/>
    <property name="java.runtime.version" value="1.8.0_181-b13"/>
    <property name="user.name" value="luffyk"/>
    <property name="path.separator" value=":"/>
    <property name="os.version" value="10.15.1"/>
    <property name="java.endorsed.dirs" value="/Library/Java/JavaVirtualMachines/jdk1.8.0_181.jdk/Contents/Home/jre/lib/endorsed"/>
    <property name="java.runtime.name" value="Java(TM) SE Runtime Environment"/>
    <property name="file.encoding" value="UTF-8"/>
    <property name="java.vm.name" value="Java HotSpot(TM) 64-Bit Server VM"/>
    <property name="localRepository" value="/usr/local/apache-maven-3.6.3/repository"/>
    <property name="java.vendor.url.bug" value="http://bugreport.sun.com/bugreport/"/>
    <property name="java.io.tmpdir" value="/var/folders/h8/qrbph79j6ll16vxjhp3r0mgc0000gn/T/"/>
    <property name="java.version" value="1.8.0_181"/>
    <property name="user.dir" value="/Users/luffyk/Documents/java/integrationSSM/ssm03"/>
    <property name="os.arch" value="x86_64"/>
    <property name="java.vm.specification.name" value="Java Virtual Machine Specification"/>
    <property name="java.awt.printerjob" value="sun.lwawt.macosx.CPrinterJob"/>
    <property name="sun.os.patch.level" value="unknown"/>
    <property name="idea.version2019.3.3" value="true"/>
    <property name="java.library.path" value="/Users/luffyk/Library/Java/Extensions:/Library/Java/Extensions:/Network/Library/Java/Extensions:/System/Library/Java/Extensions:/usr/lib/java:."/>
    <property name="java.vm.info" value="mixed mode"/>
    <property name="java.vendor" value="Oracle Corporation"/>
    <property name="java.vm.version" value="25.181-b13"/>
    <property name="java.ext.dirs" value="/Users/luffyk/Library/Java/Extensions:/Library/Java/JavaVirtualMachines/jdk1.8.0_181.jdk/Contents/Home/jre/lib/ext:/Library/Java/Extensions:/Network/Library/Java/Extensions:/System/Library/Java/Extensions:/usr/lib/java"/>
    <property name="sun.io.unicode.encoding" value="UnicodeBig"/>
    <property name="maven.repo.local" value="/usr/local/apache-maven-3.6.3/repository"/>
    <property name="java.class.version" value="52.0"/>
  </properties>
  <testcase name="testSaveEmployee" classname="online.luffyk.dao.EmployeeMapperTest" time="0.014"/>
  <testcase name="testGetEmployee" classname="online.luffyk.dao.EmployeeMapperTest" time="0.275"/>
  <testcase name="testShowAllEmployee" classname="online.luffyk.dao.EmployeeMapperTest" time="0.173"/>
  <testcase name="testCheckEmpName" classname="online.luffyk.dao.EmployeeMapperTest" time="0.046"/>
  <testcase name="test" classname="online.luffyk.dao.EmployeeMapperTest" time="0.004"/>
  <testcase name="testUpdateEmployee" classname="online.luffyk.dao.EmployeeMapperTest" time="0.148"/>
  <testcase name="testInsertOneEmployee" classname="online.luffyk.dao.EmployeeMapperTest" time="0.067"/>
</testsuite>